[2019-08-01 17:33:14] [WARNING] [MainThread] [parser.py:55] File uidump.xml not found, please check the corresponding path
[2019-08-01 17:33:14] [WARNING] [MainThread] [parser.py:55] File uidump.xml not found, please check the corresponding path
[2019-08-01 17:33:14] [WARNING] [MainThread] [parser.py:55] File uidump.xml not found, please check the corresponding path
[2019-08-01 17:33:14] [WARNING] [MainThread] [parser.py:55] File uidump.xml not found, please check the corresponding path
[2019-08-01 17:33:14] [INFO] [MainThread] [keywords.py:44] Recessive waiting 25 seconds, Spend 0.010970830917358398 seconds
[2019-08-01 17:33:16] [INFO] [MainThread] [keywords.py:464] The phone screen slides left 0 count, Spend 1.6475930213928223
[2019-08-01 17:33:42] [WARNING] [MainThread] [keywords.py:101] Please enter the correct targeting elements!
[2019-08-01 17:33:42] [WARNING] [MainThread] [run.py:26] //*[@resource-id='com.Autoyol.auto:id/viewpager']
[2019-08-01 17:33:42] [WARNING] [MainThread] [run.py:27] Message: 

[2019-08-01 17:33:42] [INFO] [MainThread] [keywords.py:44] Recessive waiting 25 seconds, Spend 0.014958620071411133 seconds
[2019-08-01 17:33:43] [WARNING] [MainThread] [keywords.py:466] The phone screen slides left 4 count, Spend 1.2877366542816162
[2019-08-01 17:33:43] [WARNING] [MainThread] [run.py:26] //*[@resource-id='com.Autoyol.auto:id/viewpager']
[2019-08-01 17:33:43] [WARNING] [MainThread] [run.py:27] Message: An unknown server-side error occurred while processing the command. Original error: The swipe did not complete successfully

[2019-08-01 17:33:43] [INFO] [MainThread] [keywords.py:44] Recessive waiting 25 seconds, Spend 0.0059850215911865234 seconds
[2019-08-01 17:33:50] [INFO] [MainThread] [keywords.py:464] The phone screen slides left 0 count, Spend 6.552827596664429
[2019-08-01 17:33:51] [DEBUG] [MainThread] [run.py:24] Click element xpath is //*[@resource-id='com.Autoyol.auto:id/viewpager']
[2019-08-01 17:33:51] [INFO] [MainThread] [keywords.py:44] Recessive waiting 25 seconds, Spend 0.0059545040130615234 seconds
[2019-08-01 17:33:53] [INFO] [MainThread] [keywords.py:464] The phone screen slides left 0 count, Spend 2.165945291519165
[2019-08-01 17:34:23] [DEBUG] [MainThread] [run.py:24] Click element xpath is //*[@resource-id='com.Autoyol.auto:id/mRecyclerView']
[2019-08-01 17:34:23] [INFO] [MainThread] [keywords.py:44] Recessive waiting 25 seconds, Spend 0.003988981246948242 seconds
[2019-08-01 17:34:25] [INFO] [MainThread] [keywords.py:464] The phone screen slides left 0 count, Spend 1.7211756706237793
[2019-08-01 17:34:56] [DEBUG] [MainThread] [run.py:24] Click element xpath is //*[@resource-id='com.Autoyol.auto:id/mRecyclerView']
[2019-08-01 17:34:56] [INFO] [MainThread] [keywords.py:44] Recessive waiting 25 seconds, Spend 0.005983591079711914 seconds
[2019-08-01 17:34:58] [INFO] [MainThread] [keywords.py:464] The phone screen slides left 0 count, Spend 1.8007876873016357
[2019-08-01 17:35:13] [WARNING] [MainThread] [keywords.py:101] Please enter the correct targeting elements!
[2019-08-01 17:35:13] [WARNING] [MainThread] [run.py:26] //*[@resource-id='com.Autoyol.auto:id/item_view']
[2019-08-01 17:35:13] [WARNING] [MainThread] [run.py:27] Message: 

[2019-08-01 17:35:13] [INFO] [MainThread] [keywords.py:44] Recessive waiting 25 seconds, Spend 0.008988618850708008 seconds
[2019-08-01 17:35:14] [INFO] [MainThread] [keywords.py:464] The phone screen slides left 0 count, Spend 1.5640850067138672
[2019-08-01 17:35:40] [WARNING] [MainThread] [keywords.py:101] Please enter the correct targeting elements!
[2019-08-01 17:35:40] [WARNING] [MainThread] [run.py:26] //*[@resource-id='com.Autoyol.auto:id/viewpager']
[2019-08-01 17:35:40] [WARNING] [MainThread] [run.py:27] Message: 

[2019-08-01 17:35:40] [INFO] [MainThread] [keywords.py:44] Recessive waiting 25 seconds, Spend 0.006989717483520508 seconds
[2019-08-01 17:35:42] [INFO] [MainThread] [keywords.py:464] The phone screen slides left 0 count, Spend 1.526094913482666
[2019-08-01 17:36:07] [WARNING] [MainThread] [keywords.py:101] Please enter the correct targeting elements!
[2019-08-01 17:36:07] [WARNING] [MainThread] [run.py:26] //*[@resource-id='com.Autoyol.auto:id/viewpager']
[2019-08-01 17:36:07] [WARNING] [MainThread] [run.py:27] Message: 

[2019-08-01 17:36:07] [INFO] [MainThread] [keywords.py:44] Recessive waiting 25 seconds, Spend 0.006989002227783203 seconds
[2019-08-01 17:36:09] [INFO] [MainThread] [keywords.py:464] The phone screen slides left 0 count, Spend 1.5438687801361084
[2019-08-01 17:36:35] [WARNING] [MainThread] [keywords.py:101] Please enter the correct targeting elements!
[2019-08-01 17:36:35] [WARNING] [MainThread] [run.py:26] //*[@resource-id='com.Autoyol.auto:id/viewpager']
[2019-08-01 17:36:35] [WARNING] [MainThread] [run.py:27] Message: 

[2019-08-01 17:36:35] [INFO] [MainThread] [keywords.py:44] Recessive waiting 25 seconds, Spend 0.005982637405395508 seconds
