[2019-08-01 17:31:23] [INFO] [MainThread] [keywords.py:44] Recessive waiting 25 seconds, Spend 0.0069806575775146484 seconds
[2019-08-01 17:31:25] [WARNING] [MainThread] [keywords.py:466] The phone screen slides left 1 count, Spend 2.1407017707824707
[2019-08-01 17:31:25] [WARNING] [MainThread] [run.py:26] {'android.support.v4.view.ViewPager': "//*[@resource-id='com.Autoyol.auto:id/viewpager']"}
[2019-08-01 17:31:25] [WARNING] [MainThread] [run.py:27] Message: An unknown server-side error occurred while processing the command. Original error: The swipe did not complete successfully

[2019-08-01 17:31:25] [INFO] [MainThread] [keywords.py:44] Recessive waiting 25 seconds, Spend 0.006978511810302734 seconds
[2019-08-01 17:31:28] [INFO] [MainThread] [keywords.py:464] The phone screen slides left 0 count, Spend 3.5969958305358887
[2019-08-01 17:31:28] [WARNING] [MainThread] [run.py:26] {'android.support.v4.view.ViewPager': "//*[@resource-id='com.Autoyol.auto:id/viewpager']"}
[2019-08-01 17:31:28] [WARNING] [MainThread] [run.py:27] Message: An unknown server-side error occurred while processing the command. Original error: org.json.JSONObject cannot be cast to java.lang.String

[2019-08-01 17:31:28] [INFO] [MainThread] [keywords.py:44] Recessive waiting 25 seconds, Spend 0.004988670349121094 seconds
[2019-08-01 17:31:30] [INFO] [MainThread] [keywords.py:464] The phone screen slides left 0 count, Spend 1.7842364311218262
[2019-08-01 17:31:30] [WARNING] [MainThread] [run.py:26] {'android.support.v4.view.ViewPager': "//*[@resource-id='com.Autoyol.auto:id/viewpager']"}
[2019-08-01 17:31:30] [WARNING] [MainThread] [run.py:27] Message: An unknown server-side error occurred while processing the command. Original error: org.json.JSONObject cannot be cast to java.lang.String

[2019-08-01 17:31:30] [INFO] [MainThread] [keywords.py:44] Recessive waiting 25 seconds, Spend 0.005983829498291016 seconds
[2019-08-01 17:31:32] [INFO] [MainThread] [keywords.py:464] The phone screen slides left 0 count, Spend 2.0033109188079834
[2019-08-01 17:31:32] [WARNING] [MainThread] [run.py:26] {'android.support.v4.view.ViewPager': "//*[@resource-id='com.Autoyol.auto:id/viewpager']"}
[2019-08-01 17:31:32] [WARNING] [MainThread] [run.py:27] Message: An unknown server-side error occurred while processing the command. Original error: org.json.JSONObject cannot be cast to java.lang.String

[2019-08-01 17:31:32] [INFO] [MainThread] [keywords.py:44] Recessive waiting 25 seconds, Spend 0.006005764007568359 seconds
[2019-08-01 17:31:34] [INFO] [MainThread] [keywords.py:464] The phone screen slides left 0 count, Spend 1.745832920074463
[2019-08-01 17:31:34] [WARNING] [MainThread] [run.py:26] {'android.support.v4.view.ViewPager': "//*[@resource-id='com.Autoyol.auto:id/viewpager']"}
[2019-08-01 17:31:34] [WARNING] [MainThread] [run.py:27] Message: An unknown server-side error occurred while processing the command. Original error: org.json.JSONObject cannot be cast to java.lang.String

[2019-08-01 17:31:34] [INFO] [MainThread] [keywords.py:44] Recessive waiting 25 seconds, Spend 0.006974458694458008 seconds
[2019-08-01 17:31:36] [INFO] [MainThread] [keywords.py:464] The phone screen slides left 0 count, Spend 1.5473055839538574
[2019-08-01 17:31:36] [WARNING] [MainThread] [run.py:26] {'android.support.v4.view.ViewPager': "//*[@resource-id='com.Autoyol.auto:id/viewpager']"}
[2019-08-01 17:31:36] [WARNING] [MainThread] [run.py:27] Message: An unknown server-side error occurred while processing the command. Original error: org.json.JSONObject cannot be cast to java.lang.String

[2019-08-01 17:31:36] [INFO] [MainThread] [keywords.py:44] Recessive waiting 25 seconds, Spend 0.005983829498291016 seconds
[2019-08-01 17:31:37] [INFO] [MainThread] [keywords.py:464] The phone screen slides left 0 count, Spend 1.5075623989105225
[2019-08-01 17:31:37] [WARNING] [MainThread] [run.py:26] {'android.support.v4.view.ViewPager': "//*[@resource-id='com.Autoyol.auto:id/viewpager']"}
[2019-08-01 17:31:37] [WARNING] [MainThread] [run.py:27] Message: An unknown server-side error occurred while processing the command. Original error: org.json.JSONObject cannot be cast to java.lang.String

[2019-08-01 17:31:37] [INFO] [MainThread] [keywords.py:44] Recessive waiting 25 seconds, Spend 0.0109710693359375 seconds
[2019-08-01 17:31:39] [INFO] [MainThread] [keywords.py:464] The phone screen slides left 0 count, Spend 1.5137012004852295
[2019-08-01 17:31:39] [WARNING] [MainThread] [run.py:26] {'android.support.v4.view.ViewPager': "//*[@resource-id='com.Autoyol.auto:id/viewpager']"}
[2019-08-01 17:31:39] [WARNING] [MainThread] [run.py:27] Message: An unknown server-side error occurred while processing the command. Original error: org.json.JSONObject cannot be cast to java.lang.String

[2019-08-01 17:31:39] [INFO] [MainThread] [keywords.py:44] Recessive waiting 25 seconds, Spend 0.0059850215911865234 seconds
[2019-08-01 17:31:41] [INFO] [MainThread] [keywords.py:464] The phone screen slides left 0 count, Spend 1.655573844909668
[2019-08-01 17:31:41] [WARNING] [MainThread] [run.py:26] {'android.support.v4.view.ViewPager': "//*[@resource-id='com.Autoyol.auto:id/viewpager']"}
[2019-08-01 17:31:41] [WARNING] [MainThread] [run.py:27] Message: An unknown server-side error occurred while processing the command. Original error: org.json.JSONObject cannot be cast to java.lang.String

[2019-08-01 17:31:41] [INFO] [MainThread] [keywords.py:44] Recessive waiting 25 seconds, Spend 0.006982564926147461 seconds
[2019-08-01 17:31:42] [INFO] [MainThread] [keywords.py:464] The phone screen slides left 0 count, Spend 1.5867564678192139
[2019-08-01 17:31:42] [WARNING] [MainThread] [run.py:26] {'android.support.v4.view.ViewPager': "//*[@resource-id='com.Autoyol.auto:id/viewpager']"}
[2019-08-01 17:31:42] [WARNING] [MainThread] [run.py:27] Message: An unknown server-side error occurred while processing the command. Original error: org.json.JSONObject cannot be cast to java.lang.String

[2019-08-01 17:31:42] [INFO] [MainThread] [keywords.py:44] Recessive waiting 25 seconds, Spend 0.0069789886474609375 seconds
[2019-08-01 17:31:44] [INFO] [MainThread] [keywords.py:464] The phone screen slides left 0 count, Spend 1.6136627197265625
[2019-08-01 17:31:44] [WARNING] [MainThread] [run.py:26] {'android.support.v4.view.ViewPager': "//*[@resource-id='com.Autoyol.auto:id/viewpager']"}
[2019-08-01 17:31:44] [WARNING] [MainThread] [run.py:27] Message: An unknown server-side error occurred while processing the command. Original error: org.json.JSONObject cannot be cast to java.lang.String

[2019-08-01 17:31:44] [INFO] [MainThread] [keywords.py:44] Recessive waiting 25 seconds, Spend 0.007977962493896484 seconds
[2019-08-01 17:31:46] [INFO] [MainThread] [keywords.py:464] The phone screen slides left 0 count, Spend 1.5569026470184326
[2019-08-01 17:31:46] [WARNING] [MainThread] [run.py:26] {'android.support.v4.view.ViewPager': "//*[@resource-id='com.Autoyol.auto:id/viewpager']"}
[2019-08-01 17:31:46] [WARNING] [MainThread] [run.py:27] Message: An unknown server-side error occurred while processing the command. Original error: org.json.JSONObject cannot be cast to java.lang.String

[2019-08-01 17:31:46] [INFO] [MainThread] [keywords.py:44] Recessive waiting 25 seconds, Spend 0.005988121032714844 seconds
[2019-08-01 17:31:47] [INFO] [MainThread] [keywords.py:464] The phone screen slides left 0 count, Spend 1.6566002368927002
[2019-08-01 17:31:47] [WARNING] [MainThread] [run.py:26] {'android.support.v4.view.ViewPager': "//*[@resource-id='com.Autoyol.auto:id/viewpager']"}
[2019-08-01 17:31:47] [WARNING] [MainThread] [run.py:27] Message: An unknown server-side error occurred while processing the command. Original error: org.json.JSONObject cannot be cast to java.lang.String

[2019-08-01 17:31:47] [INFO] [MainThread] [keywords.py:44] Recessive waiting 25 seconds, Spend 0.007966756820678711 seconds
[2019-08-01 17:31:49] [INFO] [MainThread] [keywords.py:464] The phone screen slides left 0 count, Spend 1.6187031269073486
[2019-08-01 17:31:49] [WARNING] [MainThread] [run.py:26] {'android.support.v4.view.ViewPager': "//*[@resource-id='com.Autoyol.auto:id/viewpager']"}
[2019-08-01 17:31:49] [WARNING] [MainThread] [run.py:27] Message: An unknown server-side error occurred while processing the command. Original error: org.json.JSONObject cannot be cast to java.lang.String

[2019-08-01 17:31:49] [INFO] [MainThread] [keywords.py:44] Recessive waiting 25 seconds, Spend 0.0049855709075927734 seconds
[2019-08-01 17:31:51] [INFO] [MainThread] [keywords.py:464] The phone screen slides left 0 count, Spend 1.6362040042877197
[2019-08-01 17:31:51] [WARNING] [MainThread] [run.py:26] {'android.support.v4.view.ViewPager': "//*[@resource-id='com.Autoyol.auto:id/viewpager']"}
[2019-08-01 17:31:51] [WARNING] [MainThread] [run.py:27] Message: An unknown server-side error occurred while processing the command. Original error: org.json.JSONObject cannot be cast to java.lang.String

[2019-08-01 17:31:51] [INFO] [MainThread] [keywords.py:44] Recessive waiting 25 seconds, Spend 0.006968498229980469 seconds
[2019-08-01 17:31:53] [INFO] [MainThread] [keywords.py:464] The phone screen slides left 0 count, Spend 1.702449083328247
[2019-08-01 17:31:53] [WARNING] [MainThread] [run.py:26] {'android.support.v4.view.ViewPager': "//*[@resource-id='com.Autoyol.auto:id/viewpager']"}
[2019-08-01 17:31:53] [WARNING] [MainThread] [run.py:27] Message: An unknown server-side error occurred while processing the command. Original error: org.json.JSONObject cannot be cast to java.lang.String

[2019-08-01 17:31:53] [INFO] [MainThread] [keywords.py:44] Recessive waiting 25 seconds, Spend 0.005983829498291016 seconds
