[2019-08-01 17:26:14] [INFO] [MainThread] [keywords.py:44] Recessive waiting 25 seconds, Spend 0.015926122665405273 seconds
[2019-08-01 17:26:16] [INFO] [MainThread] [keywords.py:464] The phone screen slides left 0 count, Spend 2.426788330078125
[2019-08-01 17:26:16] [WARNING] [MainThread] [keywords.py:101] Please enter the correct targeting elements!
[2019-08-01 17:26:16] [WARNING] [MainThread] [run.py:26] {'android.support.v4.view.ViewPager': "//*[@resource-id='com.Autoyol.auto:id/viewpager']"}
[2019-08-01 17:26:16] [WARNING] [MainThread] [run.py:27] Message: An unknown server-side error occurred while processing the command. Original error: org.json.JSONObject cannot be cast to java.lang.String

[2019-08-01 17:26:16] [INFO] [MainThread] [keywords.py:44] Recessive waiting 25 seconds, Spend 0.008976459503173828 seconds
[2019-08-01 17:26:21] [INFO] [MainThread] [keywords.py:464] The phone screen slides left 0 count, Spend 4.113722324371338
[2019-08-01 17:26:21] [WARNING] [MainThread] [keywords.py:101] Please enter the correct targeting elements!
[2019-08-01 17:26:21] [WARNING] [MainThread] [run.py:26] {'android.support.v4.view.ViewPager': "//*[@resource-id='com.Autoyol.auto:id/viewpager']"}
[2019-08-01 17:26:21] [WARNING] [MainThread] [run.py:27] Message: An unknown server-side error occurred while processing the command. Original error: org.json.JSONObject cannot be cast to java.lang.String

[2019-08-01 17:26:21] [INFO] [MainThread] [keywords.py:44] Recessive waiting 25 seconds, Spend 0.004985809326171875 seconds
[2019-08-01 17:26:23] [INFO] [MainThread] [keywords.py:464] The phone screen slides left 0 count, Spend 1.8971827030181885
[2019-08-01 17:26:23] [WARNING] [MainThread] [keywords.py:101] Please enter the correct targeting elements!
[2019-08-01 17:26:23] [WARNING] [MainThread] [run.py:26] {'android.support.v4.view.ViewPager': "//*[@resource-id='com.Autoyol.auto:id/viewpager']"}
[2019-08-01 17:26:23] [WARNING] [MainThread] [run.py:27] Message: An unknown server-side error occurred while processing the command. Original error: org.json.JSONObject cannot be cast to java.lang.String

[2019-08-01 17:26:23] [INFO] [MainThread] [keywords.py:44] Recessive waiting 25 seconds, Spend 0.005982160568237305 seconds
[2019-08-01 17:26:25] [INFO] [MainThread] [keywords.py:464] The phone screen slides left 0 count, Spend 1.8792243003845215
[2019-08-01 17:26:25] [WARNING] [MainThread] [keywords.py:101] Please enter the correct targeting elements!
[2019-08-01 17:26:25] [WARNING] [MainThread] [run.py:26] {'android.support.v4.view.ViewPager': "//*[@resource-id='com.Autoyol.auto:id/viewpager']"}
[2019-08-01 17:26:25] [WARNING] [MainThread] [run.py:27] Message: An unknown server-side error occurred while processing the command. Original error: org.json.JSONObject cannot be cast to java.lang.String

[2019-08-01 17:26:25] [INFO] [MainThread] [keywords.py:44] Recessive waiting 25 seconds, Spend 0.0069887638092041016 seconds
[2019-08-01 17:26:26] [INFO] [MainThread] [keywords.py:464] The phone screen slides left 0 count, Spend 1.862245798110962
[2019-08-01 17:26:26] [WARNING] [MainThread] [keywords.py:101] Please enter the correct targeting elements!
[2019-08-01 17:26:26] [WARNING] [MainThread] [run.py:26] {'android.support.v4.view.ViewPager': "//*[@resource-id='com.Autoyol.auto:id/viewpager']"}
[2019-08-01 17:26:26] [WARNING] [MainThread] [run.py:27] Message: An unknown server-side error occurred while processing the command. Original error: org.json.JSONObject cannot be cast to java.lang.String

[2019-08-01 17:26:27] [INFO] [MainThread] [keywords.py:44] Recessive waiting 25 seconds, Spend 0.004987478256225586 seconds
[2019-08-01 17:26:27] [WARNING] [MainThread] [keywords.py:466] The phone screen slides left 4 count, Spend 0.21754097938537598
[2019-08-01 17:26:27] [WARNING] [MainThread] [run.py:26] {'android.support.v4.view.ViewPager': "//*[@resource-id='com.Autoyol.auto:id/viewpager']"}
[2019-08-01 17:26:27] [WARNING] [MainThread] [run.py:27] Message: An unknown server-side error occurred while processing the command. Original error: Injecting to another application requires INJECT_EVENTS permission

[2019-08-01 17:26:27] [INFO] [MainThread] [keywords.py:44] Recessive waiting 25 seconds, Spend 0.005982160568237305 seconds
[2019-08-01 17:26:29] [INFO] [MainThread] [keywords.py:464] The phone screen slides left 0 count, Spend 1.6743731498718262
[2019-08-01 17:26:29] [WARNING] [MainThread] [keywords.py:101] Please enter the correct targeting elements!
[2019-08-01 17:26:29] [WARNING] [MainThread] [run.py:26] {'android.support.v4.view.ViewPager': "//*[@resource-id='com.Autoyol.auto:id/viewpager']"}
[2019-08-01 17:26:29] [WARNING] [MainThread] [run.py:27] Message: An unknown server-side error occurred while processing the command. Original error: org.json.JSONObject cannot be cast to java.lang.String

[2019-08-01 17:26:29] [INFO] [MainThread] [keywords.py:44] Recessive waiting 25 seconds, Spend 0.004986763000488281 seconds
[2019-08-01 17:26:30] [INFO] [MainThread] [keywords.py:464] The phone screen slides left 0 count, Spend 1.566870927810669
[2019-08-01 17:26:30] [WARNING] [MainThread] [keywords.py:101] Please enter the correct targeting elements!
[2019-08-01 17:26:30] [WARNING] [MainThread] [run.py:26] {'android.support.v4.view.ViewPager': "//*[@resource-id='com.Autoyol.auto:id/viewpager']"}
[2019-08-01 17:26:30] [WARNING] [MainThread] [run.py:27] Message: An unknown server-side error occurred while processing the command. Original error: org.json.JSONObject cannot be cast to java.lang.String

[2019-08-01 17:26:30] [INFO] [MainThread] [keywords.py:44] Recessive waiting 25 seconds, Spend 0.005962848663330078 seconds
[2019-08-01 17:26:32] [INFO] [MainThread] [keywords.py:464] The phone screen slides left 0 count, Spend 1.576244831085205
[2019-08-01 17:26:32] [WARNING] [MainThread] [keywords.py:101] Please enter the correct targeting elements!
[2019-08-01 17:26:32] [WARNING] [MainThread] [run.py:26] {'android.support.v4.view.ViewPager': "//*[@resource-id='com.Autoyol.auto:id/viewpager']"}
[2019-08-01 17:26:32] [WARNING] [MainThread] [run.py:27] Message: An unknown server-side error occurred while processing the command. Original error: org.json.JSONObject cannot be cast to java.lang.String

[2019-08-01 17:26:32] [INFO] [MainThread] [keywords.py:44] Recessive waiting 25 seconds, Spend 0.0069789886474609375 seconds
[2019-08-01 17:26:34] [INFO] [MainThread] [keywords.py:464] The phone screen slides left 0 count, Spend 1.7004501819610596
[2019-08-01 17:26:34] [WARNING] [MainThread] [keywords.py:101] Please enter the correct targeting elements!
[2019-08-01 17:26:34] [WARNING] [MainThread] [run.py:26] {'android.support.v4.view.ViewPager': "//*[@resource-id='com.Autoyol.auto:id/viewpager']"}
[2019-08-01 17:26:34] [WARNING] [MainThread] [run.py:27] Message: An unknown server-side error occurred while processing the command. Original error: org.json.JSONObject cannot be cast to java.lang.String

[2019-08-01 17:26:34] [INFO] [MainThread] [keywords.py:44] Recessive waiting 25 seconds, Spend 0.00498509407043457 seconds
[2019-08-01 17:26:35] [INFO] [MainThread] [keywords.py:464] The phone screen slides left 0 count, Spend 1.5987231731414795
[2019-08-01 17:26:35] [WARNING] [MainThread] [keywords.py:101] Please enter the correct targeting elements!
[2019-08-01 17:26:35] [WARNING] [MainThread] [run.py:26] {'android.support.v4.view.ViewPager': "//*[@resource-id='com.Autoyol.auto:id/viewpager']"}
[2019-08-01 17:26:35] [WARNING] [MainThread] [run.py:27] Message: An unknown server-side error occurred while processing the command. Original error: org.json.JSONObject cannot be cast to java.lang.String

[2019-08-01 17:26:35] [INFO] [MainThread] [keywords.py:44] Recessive waiting 25 seconds, Spend 0.00598907470703125 seconds
[2019-08-01 17:26:36] [WARNING] [MainThread] [keywords.py:466] The phone screen slides left 4 count, Spend 0.2842388153076172
[2019-08-01 17:26:36] [WARNING] [MainThread] [run.py:26] {'android.support.v4.view.ViewPager': "//*[@resource-id='com.Autoyol.auto:id/viewpager']"}
[2019-08-01 17:26:36] [WARNING] [MainThread] [run.py:27] Message: An unknown server-side error occurred while processing the command. Original error: Injecting to another application requires INJECT_EVENTS permission

[2019-08-01 17:26:36] [INFO] [MainThread] [keywords.py:44] Recessive waiting 25 seconds, Spend 0.006006479263305664 seconds
[2019-08-01 17:26:38] [INFO] [MainThread] [keywords.py:464] The phone screen slides left 0 count, Spend 2.3545851707458496
[2019-08-01 17:26:38] [WARNING] [MainThread] [keywords.py:101] Please enter the correct targeting elements!
[2019-08-01 17:26:38] [WARNING] [MainThread] [run.py:26] {'android.support.v4.view.ViewPager': "//*[@resource-id='com.Autoyol.auto:id/viewpager']"}
[2019-08-01 17:26:38] [WARNING] [MainThread] [run.py:27] Message: An unknown server-side error occurred while processing the command. Original error: org.json.JSONObject cannot be cast to java.lang.String

[2019-08-01 17:26:38] [INFO] [MainThread] [keywords.py:44] Recessive waiting 25 seconds, Spend 0.0059850215911865234 seconds
[2019-08-01 17:26:40] [INFO] [MainThread] [keywords.py:464] The phone screen slides left 0 count, Spend 2.1945183277130127
[2019-08-01 17:26:40] [WARNING] [MainThread] [keywords.py:101] Please enter the correct targeting elements!
[2019-08-01 17:26:40] [WARNING] [MainThread] [run.py:26] {'android.support.v4.view.ViewPager': "//*[@resource-id='com.Autoyol.auto:id/viewpager']"}
[2019-08-01 17:26:40] [WARNING] [MainThread] [run.py:27] Message: An unknown server-side error occurred while processing the command. Original error: org.json.JSONObject cannot be cast to java.lang.String

[2019-08-01 17:26:40] [INFO] [MainThread] [keywords.py:44] Recessive waiting 25 seconds, Spend 0.006983757019042969 seconds
[2019-08-01 17:26:43] [INFO] [MainThread] [keywords.py:464] The phone screen slides left 0 count, Spend 2.0656793117523193
[2019-08-01 17:26:43] [WARNING] [MainThread] [keywords.py:101] Please enter the correct targeting elements!
[2019-08-01 17:26:43] [WARNING] [MainThread] [run.py:26] {'android.support.v4.view.ViewPager': "//*[@resource-id='com.Autoyol.auto:id/viewpager']"}
[2019-08-01 17:26:43] [WARNING] [MainThread] [run.py:27] Message: An unknown server-side error occurred while processing the command. Original error: org.json.JSONObject cannot be cast to java.lang.String

[2019-08-01 17:26:43] [INFO] [MainThread] [keywords.py:44] Recessive waiting 25 seconds, Spend 0.0069828033447265625 seconds
[2019-08-01 17:26:45] [INFO] [MainThread] [keywords.py:464] The phone screen slides left 0 count, Spend 1.928380012512207
[2019-08-01 17:26:45] [WARNING] [MainThread] [keywords.py:101] Please enter the correct targeting elements!
[2019-08-01 17:26:45] [WARNING] [MainThread] [run.py:26] {'android.support.v4.view.ViewPager': "//*[@resource-id='com.Autoyol.auto:id/viewpager']"}
[2019-08-01 17:26:45] [WARNING] [MainThread] [run.py:27] Message: An unknown server-side error occurred while processing the command. Original error: org.json.JSONObject cannot be cast to java.lang.String

[2019-08-01 17:26:45] [INFO] [MainThread] [keywords.py:44] Recessive waiting 25 seconds, Spend 0.005977630615234375 seconds
[2019-08-01 17:26:47] [INFO] [MainThread] [keywords.py:464] The phone screen slides left 0 count, Spend 2.0515124797821045
[2019-08-01 17:26:47] [WARNING] [MainThread] [keywords.py:101] Please enter the correct targeting elements!
[2019-08-01 17:26:47] [WARNING] [MainThread] [run.py:26] {'android.support.v4.view.ViewPager': "//*[@resource-id='com.Autoyol.auto:id/viewpager']"}
[2019-08-01 17:26:47] [WARNING] [MainThread] [run.py:27] Message: An unknown server-side error occurred while processing the command. Original error: org.json.JSONObject cannot be cast to java.lang.String

[2019-08-01 17:26:47] [INFO] [MainThread] [keywords.py:44] Recessive waiting 25 seconds, Spend 0.00598454475402832 seconds
[2019-08-01 17:26:49] [INFO] [MainThread] [keywords.py:464] The phone screen slides left 0 count, Spend 2.064734935760498
[2019-08-01 17:26:49] [WARNING] [MainThread] [keywords.py:101] Please enter the correct targeting elements!
[2019-08-01 17:26:49] [WARNING] [MainThread] [run.py:26] {'android.support.v4.view.ViewPager': "//*[@resource-id='com.Autoyol.auto:id/viewpager']"}
[2019-08-01 17:26:49] [WARNING] [MainThread] [run.py:27] Message: An unknown server-side error occurred while processing the command. Original error: org.json.JSONObject cannot be cast to java.lang.String

[2019-08-01 17:26:49] [INFO] [MainThread] [keywords.py:44] Recessive waiting 25 seconds, Spend 0.005980014801025391 seconds
[2019-08-01 17:26:51] [INFO] [MainThread] [keywords.py:464] The phone screen slides left 0 count, Spend 2.0015017986297607
[2019-08-01 17:26:51] [WARNING] [MainThread] [keywords.py:101] Please enter the correct targeting elements!
[2019-08-01 17:26:51] [WARNING] [MainThread] [run.py:26] {'android.support.v4.view.ViewPager': "//*[@resource-id='com.Autoyol.auto:id/viewpager']"}
[2019-08-01 17:26:51] [WARNING] [MainThread] [run.py:27] Message: An unknown server-side error occurred while processing the command. Original error: org.json.JSONObject cannot be cast to java.lang.String

[2019-08-01 17:26:51] [INFO] [MainThread] [keywords.py:44] Recessive waiting 25 seconds, Spend 0.0049762725830078125 seconds
[2019-08-01 17:26:53] [INFO] [MainThread] [keywords.py:464] The phone screen slides left 0 count, Spend 1.562821388244629
[2019-08-01 17:26:53] [WARNING] [MainThread] [keywords.py:101] Please enter the correct targeting elements!
[2019-08-01 17:26:53] [WARNING] [MainThread] [run.py:26] {'android.support.v4.view.ViewPager': "//*[@resource-id='com.Autoyol.auto:id/viewpager']"}
[2019-08-01 17:26:53] [WARNING] [MainThread] [run.py:27] Message: An unknown server-side error occurred while processing the command. Original error: org.json.JSONObject cannot be cast to java.lang.String

[2019-08-01 17:26:53] [INFO] [MainThread] [keywords.py:44] Recessive waiting 25 seconds, Spend 0.004987478256225586 seconds
[2019-08-01 17:26:54] [INFO] [MainThread] [keywords.py:464] The phone screen slides left 0 count, Spend 1.5489563941955566
[2019-08-01 17:26:54] [WARNING] [MainThread] [keywords.py:101] Please enter the correct targeting elements!
[2019-08-01 17:26:54] [WARNING] [MainThread] [run.py:26] {'android.support.v4.view.ViewPager': "//*[@resource-id='com.Autoyol.auto:id/viewpager']"}
[2019-08-01 17:26:54] [WARNING] [MainThread] [run.py:27] Message: An unknown server-side error occurred while processing the command. Original error: org.json.JSONObject cannot be cast to java.lang.String

[2019-08-01 17:26:54] [INFO] [MainThread] [keywords.py:44] Recessive waiting 25 seconds, Spend 0.004944801330566406 seconds
[2019-08-01 17:26:56] [INFO] [MainThread] [keywords.py:464] The phone screen slides left 0 count, Spend 1.5910372734069824
[2019-08-01 17:26:56] [WARNING] [MainThread] [keywords.py:101] Please enter the correct targeting elements!
[2019-08-01 17:26:56] [WARNING] [MainThread] [run.py:26] {'android.support.v4.view.ViewPager': "//*[@resource-id='com.Autoyol.auto:id/viewpager']"}
[2019-08-01 17:26:56] [WARNING] [MainThread] [run.py:27] Message: An unknown server-side error occurred while processing the command. Original error: org.json.JSONObject cannot be cast to java.lang.String

[2019-08-01 17:26:56] [INFO] [MainThread] [keywords.py:44] Recessive waiting 25 seconds, Spend 0.005987405776977539 seconds
[2019-08-01 17:26:58] [INFO] [MainThread] [keywords.py:464] The phone screen slides left 0 count, Spend 1.5428955554962158
[2019-08-01 17:26:58] [WARNING] [MainThread] [keywords.py:101] Please enter the correct targeting elements!
[2019-08-01 17:26:58] [WARNING] [MainThread] [run.py:26] {'android.support.v4.view.ViewPager': "//*[@resource-id='com.Autoyol.auto:id/viewpager']"}
[2019-08-01 17:26:58] [WARNING] [MainThread] [run.py:27] Message: An unknown server-side error occurred while processing the command. Original error: org.json.JSONObject cannot be cast to java.lang.String

[2019-08-01 17:26:58] [INFO] [MainThread] [keywords.py:44] Recessive waiting 25 seconds, Spend 0.0059833526611328125 seconds
[2019-08-01 17:26:59] [INFO] [MainThread] [keywords.py:464] The phone screen slides left 0 count, Spend 1.5229289531707764
[2019-08-01 17:26:59] [WARNING] [MainThread] [keywords.py:101] Please enter the correct targeting elements!
[2019-08-01 17:26:59] [WARNING] [MainThread] [run.py:26] {'android.support.v4.view.ViewPager': "//*[@resource-id='com.Autoyol.auto:id/viewpager']"}
[2019-08-01 17:26:59] [WARNING] [MainThread] [run.py:27] Message: An unknown server-side error occurred while processing the command. Original error: org.json.JSONObject cannot be cast to java.lang.String

[2019-08-01 17:26:59] [INFO] [MainThread] [keywords.py:44] Recessive waiting 25 seconds, Spend 0.005980253219604492 seconds
[2019-08-01 17:27:01] [INFO] [MainThread] [keywords.py:464] The phone screen slides left 0 count, Spend 1.5618200302124023
[2019-08-01 17:27:01] [WARNING] [MainThread] [keywords.py:101] Please enter the correct targeting elements!
[2019-08-01 17:27:01] [WARNING] [MainThread] [run.py:26] {'android.support.v4.view.ViewPager': "//*[@resource-id='com.Autoyol.auto:id/viewpager']"}
[2019-08-01 17:27:01] [WARNING] [MainThread] [run.py:27] Message: An unknown server-side error occurred while processing the command. Original error: org.json.JSONObject cannot be cast to java.lang.String

[2019-08-01 17:27:01] [INFO] [MainThread] [keywords.py:44] Recessive waiting 25 seconds, Spend 0.00797891616821289 seconds
[2019-08-01 17:27:03] [INFO] [MainThread] [keywords.py:464] The phone screen slides left 0 count, Spend 1.552849531173706
[2019-08-01 17:27:03] [WARNING] [MainThread] [keywords.py:101] Please enter the correct targeting elements!
[2019-08-01 17:27:03] [WARNING] [MainThread] [run.py:26] {'android.support.v4.view.ViewPager': "//*[@resource-id='com.Autoyol.auto:id/viewpager']"}
[2019-08-01 17:27:03] [WARNING] [MainThread] [run.py:27] Message: An unknown server-side error occurred while processing the command. Original error: org.json.JSONObject cannot be cast to java.lang.String

[2019-08-01 17:27:03] [INFO] [MainThread] [keywords.py:44] Recessive waiting 25 seconds, Spend 0.006983041763305664 seconds
[2019-08-01 17:27:04] [INFO] [MainThread] [keywords.py:464] The phone screen slides left 0 count, Spend 1.520921230316162
[2019-08-01 17:27:04] [WARNING] [MainThread] [keywords.py:101] Please enter the correct targeting elements!
[2019-08-01 17:27:04] [WARNING] [MainThread] [run.py:26] {'android.support.v4.view.ViewPager': "//*[@resource-id='com.Autoyol.auto:id/viewpager']"}
[2019-08-01 17:27:04] [WARNING] [MainThread] [run.py:27] Message: An unknown server-side error occurred while processing the command. Original error: org.json.JSONObject cannot be cast to java.lang.String

[2019-08-01 17:27:04] [INFO] [MainThread] [keywords.py:44] Recessive waiting 25 seconds, Spend 0.007979393005371094 seconds
[2019-08-01 17:27:06] [INFO] [MainThread] [keywords.py:464] The phone screen slides left 0 count, Spend 1.5249452590942383
[2019-08-01 17:27:06] [WARNING] [MainThread] [keywords.py:101] Please enter the correct targeting elements!
[2019-08-01 17:27:06] [WARNING] [MainThread] [run.py:26] {'android.support.v4.view.ViewPager': "//*[@resource-id='com.Autoyol.auto:id/viewpager']"}
[2019-08-01 17:27:06] [WARNING] [MainThread] [run.py:27] Message: An unknown server-side error occurred while processing the command. Original error: org.json.JSONObject cannot be cast to java.lang.String

[2019-08-01 17:27:06] [INFO] [MainThread] [keywords.py:44] Recessive waiting 25 seconds, Spend 0.003990650177001953 seconds
[2019-08-01 17:27:07] [INFO] [MainThread] [keywords.py:464] The phone screen slides left 0 count, Spend 1.52891206741333
[2019-08-01 17:27:07] [WARNING] [MainThread] [keywords.py:101] Please enter the correct targeting elements!
[2019-08-01 17:27:07] [WARNING] [MainThread] [run.py:26] {'android.support.v4.view.ViewPager': "//*[@resource-id='com.Autoyol.auto:id/viewpager']"}
[2019-08-01 17:27:07] [WARNING] [MainThread] [run.py:27] Message: An unknown server-side error occurred while processing the command. Original error: org.json.JSONObject cannot be cast to java.lang.String

[2019-08-01 17:27:07] [INFO] [MainThread] [keywords.py:44] Recessive waiting 25 seconds, Spend 0.004988431930541992 seconds
[2019-08-01 17:27:09] [INFO] [MainThread] [keywords.py:464] The phone screen slides left 0 count, Spend 1.5578277111053467
[2019-08-01 17:27:09] [WARNING] [MainThread] [keywords.py:101] Please enter the correct targeting elements!
[2019-08-01 17:27:09] [WARNING] [MainThread] [run.py:26] {'android.support.v4.view.ViewPager': "//*[@resource-id='com.Autoyol.auto:id/viewpager']"}
[2019-08-01 17:27:09] [WARNING] [MainThread] [run.py:27] Message: An unknown server-side error occurred while processing the command. Original error: org.json.JSONObject cannot be cast to java.lang.String

[2019-08-01 17:27:09] [INFO] [MainThread] [keywords.py:44] Recessive waiting 25 seconds, Spend 0.007961034774780273 seconds
[2019-08-01 17:27:11] [INFO] [MainThread] [keywords.py:464] The phone screen slides left 0 count, Spend 1.5438835620880127
[2019-08-01 17:27:11] [WARNING] [MainThread] [keywords.py:101] Please enter the correct targeting elements!
[2019-08-01 17:27:11] [WARNING] [MainThread] [run.py:26] {'android.support.v4.view.ViewPager': "//*[@resource-id='com.Autoyol.auto:id/viewpager']"}
[2019-08-01 17:27:11] [WARNING] [MainThread] [run.py:27] Message: An unknown server-side error occurred while processing the command. Original error: org.json.JSONObject cannot be cast to java.lang.String

[2019-08-01 17:27:11] [INFO] [MainThread] [keywords.py:44] Recessive waiting 25 seconds, Spend 0.005964994430541992 seconds
[2019-08-01 17:27:12] [INFO] [MainThread] [keywords.py:464] The phone screen slides left 0 count, Spend 1.5247416496276855
[2019-08-01 17:27:12] [WARNING] [MainThread] [keywords.py:101] Please enter the correct targeting elements!
[2019-08-01 17:27:12] [WARNING] [MainThread] [run.py:26] {'android.support.v4.view.ViewPager': "//*[@resource-id='com.Autoyol.auto:id/viewpager']"}
[2019-08-01 17:27:12] [WARNING] [MainThread] [run.py:27] Message: An unknown server-side error occurred while processing the command. Original error: org.json.JSONObject cannot be cast to java.lang.String

[2019-08-01 17:27:12] [INFO] [MainThread] [keywords.py:44] Recessive waiting 25 seconds, Spend 0.0069811344146728516 seconds
[2019-08-01 17:27:14] [INFO] [MainThread] [keywords.py:464] The phone screen slides left 0 count, Spend 1.5508522987365723
[2019-08-01 17:27:14] [WARNING] [MainThread] [keywords.py:101] Please enter the correct targeting elements!
[2019-08-01 17:27:14] [WARNING] [MainThread] [run.py:26] {'android.support.v4.view.ViewPager': "//*[@resource-id='com.Autoyol.auto:id/viewpager']"}
[2019-08-01 17:27:14] [WARNING] [MainThread] [run.py:27] Message: An unknown server-side error occurred while processing the command. Original error: org.json.JSONObject cannot be cast to java.lang.String

[2019-08-01 17:27:14] [INFO] [MainThread] [keywords.py:44] Recessive waiting 25 seconds, Spend 0.005984306335449219 seconds
[2019-08-01 17:27:16] [INFO] [MainThread] [keywords.py:464] The phone screen slides left 0 count, Spend 1.547863245010376
[2019-08-01 17:27:16] [WARNING] [MainThread] [keywords.py:101] Please enter the correct targeting elements!
[2019-08-01 17:27:16] [WARNING] [MainThread] [run.py:26] {'android.support.v4.view.ViewPager': "//*[@resource-id='com.Autoyol.auto:id/viewpager']"}
[2019-08-01 17:27:16] [WARNING] [MainThread] [run.py:27] Message: An unknown server-side error occurred while processing the command. Original error: org.json.JSONObject cannot be cast to java.lang.String

[2019-08-01 17:27:16] [INFO] [MainThread] [keywords.py:44] Recessive waiting 25 seconds, Spend 0.00598454475402832 seconds
[2019-08-01 17:27:17] [INFO] [MainThread] [keywords.py:464] The phone screen slides left 0 count, Spend 1.5967438220977783
[2019-08-01 17:27:17] [WARNING] [MainThread] [keywords.py:101] Please enter the correct targeting elements!
[2019-08-01 17:27:17] [WARNING] [MainThread] [run.py:26] {'android.support.v4.view.ViewPager': "//*[@resource-id='com.Autoyol.auto:id/viewpager']"}
[2019-08-01 17:27:17] [WARNING] [MainThread] [run.py:27] Message: An unknown server-side error occurred while processing the command. Original error: org.json.JSONObject cannot be cast to java.lang.String

[2019-08-01 17:27:17] [INFO] [MainThread] [keywords.py:44] Recessive waiting 25 seconds, Spend 0.006001949310302734 seconds
[2019-08-01 17:27:19] [INFO] [MainThread] [keywords.py:464] The phone screen slides left 0 count, Spend 1.5518479347229004
[2019-08-01 17:27:19] [WARNING] [MainThread] [keywords.py:101] Please enter the correct targeting elements!
[2019-08-01 17:27:19] [WARNING] [MainThread] [run.py:26] {'android.support.v4.view.ViewPager': "//*[@resource-id='com.Autoyol.auto:id/viewpager']"}
[2019-08-01 17:27:19] [WARNING] [MainThread] [run.py:27] Message: An unknown server-side error occurred while processing the command. Original error: org.json.JSONObject cannot be cast to java.lang.String

[2019-08-01 17:27:19] [INFO] [MainThread] [keywords.py:44] Recessive waiting 25 seconds, Spend 0.005991697311401367 seconds
[2019-08-01 17:27:21] [INFO] [MainThread] [keywords.py:464] The phone screen slides left 0 count, Spend 1.5837750434875488
[2019-08-01 17:27:21] [WARNING] [MainThread] [keywords.py:101] Please enter the correct targeting elements!
[2019-08-01 17:27:21] [WARNING] [MainThread] [run.py:26] {'android.support.v4.view.ViewPager': "//*[@resource-id='com.Autoyol.auto:id/viewpager']"}
[2019-08-01 17:27:21] [WARNING] [MainThread] [run.py:27] Message: An unknown server-side error occurred while processing the command. Original error: org.json.JSONObject cannot be cast to java.lang.String

[2019-08-01 17:27:21] [INFO] [MainThread] [keywords.py:44] Recessive waiting 25 seconds, Spend 0.005984783172607422 seconds
[2019-08-01 17:27:22] [INFO] [MainThread] [keywords.py:464] The phone screen slides left 0 count, Spend 1.5378849506378174
[2019-08-01 17:27:22] [WARNING] [MainThread] [keywords.py:101] Please enter the correct targeting elements!
[2019-08-01 17:27:22] [WARNING] [MainThread] [run.py:26] {'android.support.v4.view.ViewPager': "//*[@resource-id='com.Autoyol.auto:id/viewpager']"}
[2019-08-01 17:27:22] [WARNING] [MainThread] [run.py:27] Message: An unknown server-side error occurred while processing the command. Original error: org.json.JSONObject cannot be cast to java.lang.String

[2019-08-01 17:27:22] [INFO] [MainThread] [keywords.py:44] Recessive waiting 25 seconds, Spend 0.006984710693359375 seconds
[2019-08-01 17:27:24] [INFO] [MainThread] [keywords.py:464] The phone screen slides left 0 count, Spend 1.5638172626495361
[2019-08-01 17:27:24] [WARNING] [MainThread] [keywords.py:101] Please enter the correct targeting elements!
[2019-08-01 17:27:24] [WARNING] [MainThread] [run.py:26] {'android.support.v4.view.ViewPager': "//*[@resource-id='com.Autoyol.auto:id/viewpager']"}
[2019-08-01 17:27:24] [WARNING] [MainThread] [run.py:27] Message: An unknown server-side error occurred while processing the command. Original error: org.json.JSONObject cannot be cast to java.lang.String

[2019-08-01 17:27:24] [INFO] [MainThread] [keywords.py:44] Recessive waiting 25 seconds, Spend 0.009972810745239258 seconds
[2019-08-01 17:27:26] [INFO] [MainThread] [keywords.py:464] The phone screen slides left 0 count, Spend 1.5448675155639648
[2019-08-01 17:27:26] [WARNING] [MainThread] [keywords.py:101] Please enter the correct targeting elements!
[2019-08-01 17:27:26] [WARNING] [MainThread] [run.py:26] {'android.support.v4.view.ViewPager': "//*[@resource-id='com.Autoyol.auto:id/viewpager']"}
[2019-08-01 17:27:26] [WARNING] [MainThread] [run.py:27] Message: An unknown server-side error occurred while processing the command. Original error: org.json.JSONObject cannot be cast to java.lang.String

[2019-08-01 17:27:26] [INFO] [MainThread] [keywords.py:44] Recessive waiting 25 seconds, Spend 0.007979869842529297 seconds
[2019-08-01 17:27:27] [INFO] [MainThread] [keywords.py:464] The phone screen slides left 0 count, Spend 1.6077017784118652
[2019-08-01 17:27:27] [WARNING] [MainThread] [keywords.py:101] Please enter the correct targeting elements!
[2019-08-01 17:27:27] [WARNING] [MainThread] [run.py:26] {'android.support.v4.view.ViewPager': "//*[@resource-id='com.Autoyol.auto:id/viewpager']"}
[2019-08-01 17:27:27] [WARNING] [MainThread] [run.py:27] Message: An unknown server-side error occurred while processing the command. Original error: org.json.JSONObject cannot be cast to java.lang.String

[2019-08-01 17:27:27] [INFO] [MainThread] [keywords.py:44] Recessive waiting 25 seconds, Spend 0.006982564926147461 seconds
[2019-08-01 17:27:29] [INFO] [MainThread] [keywords.py:464] The phone screen slides left 0 count, Spend 1.5588312149047852
[2019-08-01 17:27:29] [WARNING] [MainThread] [keywords.py:101] Please enter the correct targeting elements!
[2019-08-01 17:27:29] [WARNING] [MainThread] [run.py:26] {'android.support.v4.view.ViewPager': "//*[@resource-id='com.Autoyol.auto:id/viewpager']"}
[2019-08-01 17:27:29] [WARNING] [MainThread] [run.py:27] Message: An unknown server-side error occurred while processing the command. Original error: org.json.JSONObject cannot be cast to java.lang.String

[2019-08-01 17:27:29] [INFO] [MainThread] [keywords.py:44] Recessive waiting 25 seconds, Spend 0.0069653987884521484 seconds
[2019-08-01 17:27:31] [INFO] [MainThread] [keywords.py:464] The phone screen slides left 0 count, Spend 1.537889003753662
[2019-08-01 17:27:31] [WARNING] [MainThread] [keywords.py:101] Please enter the correct targeting elements!
[2019-08-01 17:27:31] [WARNING] [MainThread] [run.py:26] {'android.support.v4.view.ViewPager': "//*[@resource-id='com.Autoyol.auto:id/viewpager']"}
[2019-08-01 17:27:31] [WARNING] [MainThread] [run.py:27] Message: An unknown server-side error occurred while processing the command. Original error: org.json.JSONObject cannot be cast to java.lang.String

[2019-08-01 17:27:31] [INFO] [MainThread] [keywords.py:44] Recessive waiting 25 seconds, Spend 0.011967897415161133 seconds
[2019-08-01 17:27:32] [INFO] [MainThread] [keywords.py:464] The phone screen slides left 0 count, Spend 1.5598180294036865
[2019-08-01 17:27:32] [WARNING] [MainThread] [keywords.py:101] Please enter the correct targeting elements!
[2019-08-01 17:27:32] [WARNING] [MainThread] [run.py:26] {'android.support.v4.view.ViewPager': "//*[@resource-id='com.Autoyol.auto:id/viewpager']"}
[2019-08-01 17:27:32] [WARNING] [MainThread] [run.py:27] Message: An unknown server-side error occurred while processing the command. Original error: org.json.JSONObject cannot be cast to java.lang.String

[2019-08-01 17:27:32] [INFO] [MainThread] [keywords.py:44] Recessive waiting 25 seconds, Spend 0.004987239837646484 seconds
[2019-08-01 17:27:34] [INFO] [MainThread] [keywords.py:464] The phone screen slides left 0 count, Spend 1.5618252754211426
[2019-08-01 17:27:34] [WARNING] [MainThread] [keywords.py:101] Please enter the correct targeting elements!
[2019-08-01 17:27:34] [WARNING] [MainThread] [run.py:26] {'android.support.v4.view.ViewPager': "//*[@resource-id='com.Autoyol.auto:id/viewpager']"}
[2019-08-01 17:27:34] [WARNING] [MainThread] [run.py:27] Message: An unknown server-side error occurred while processing the command. Original error: org.json.JSONObject cannot be cast to java.lang.String

[2019-08-01 17:27:34] [INFO] [MainThread] [keywords.py:44] Recessive waiting 25 seconds, Spend 0.006979942321777344 seconds
[2019-08-01 17:27:36] [INFO] [MainThread] [keywords.py:464] The phone screen slides left 0 count, Spend 1.5538427829742432
[2019-08-01 17:27:36] [WARNING] [MainThread] [keywords.py:101] Please enter the correct targeting elements!
[2019-08-01 17:27:36] [WARNING] [MainThread] [run.py:26] {'android.support.v4.view.ViewPager': "//*[@resource-id='com.Autoyol.auto:id/viewpager']"}
[2019-08-01 17:27:36] [WARNING] [MainThread] [run.py:27] Message: An unknown server-side error occurred while processing the command. Original error: org.json.JSONObject cannot be cast to java.lang.String

[2019-08-01 17:27:36] [INFO] [MainThread] [keywords.py:44] Recessive waiting 25 seconds, Spend 0.006990671157836914 seconds
[2019-08-01 17:27:37] [INFO] [MainThread] [keywords.py:464] The phone screen slides left 0 count, Spend 1.5588321685791016
[2019-08-01 17:27:37] [WARNING] [MainThread] [keywords.py:101] Please enter the correct targeting elements!
[2019-08-01 17:27:37] [WARNING] [MainThread] [run.py:26] {'android.support.v4.view.ViewPager': "//*[@resource-id='com.Autoyol.auto:id/viewpager']"}
[2019-08-01 17:27:37] [WARNING] [MainThread] [run.py:27] Message: An unknown server-side error occurred while processing the command. Original error: org.json.JSONObject cannot be cast to java.lang.String

[2019-08-01 17:27:37] [INFO] [MainThread] [keywords.py:44] Recessive waiting 25 seconds, Spend 0.007981061935424805 seconds
[2019-08-01 17:27:39] [INFO] [MainThread] [keywords.py:464] The phone screen slides left 0 count, Spend 1.5338914394378662
[2019-08-01 17:27:39] [WARNING] [MainThread] [keywords.py:101] Please enter the correct targeting elements!
[2019-08-01 17:27:39] [WARNING] [MainThread] [run.py:26] {'android.support.v4.view.ViewPager': "//*[@resource-id='com.Autoyol.auto:id/viewpager']"}
[2019-08-01 17:27:39] [WARNING] [MainThread] [run.py:27] Message: An unknown server-side error occurred while processing the command. Original error: org.json.JSONObject cannot be cast to java.lang.String

[2019-08-01 17:27:39] [INFO] [MainThread] [keywords.py:44] Recessive waiting 25 seconds, Spend 0.007982254028320312 seconds
[2019-08-01 17:27:41] [INFO] [MainThread] [keywords.py:464] The phone screen slides left 0 count, Spend 1.5737931728363037
[2019-08-01 17:27:41] [WARNING] [MainThread] [keywords.py:101] Please enter the correct targeting elements!
[2019-08-01 17:27:41] [WARNING] [MainThread] [run.py:26] {'android.support.v4.view.ViewPager': "//*[@resource-id='com.Autoyol.auto:id/viewpager']"}
[2019-08-01 17:27:41] [WARNING] [MainThread] [run.py:27] Message: An unknown server-side error occurred while processing the command. Original error: org.json.JSONObject cannot be cast to java.lang.String

[2019-08-01 17:27:41] [INFO] [MainThread] [keywords.py:44] Recessive waiting 25 seconds, Spend 0.004976511001586914 seconds
[2019-08-01 17:27:42] [INFO] [MainThread] [keywords.py:464] The phone screen slides left 0 count, Spend 1.5927317142486572
[2019-08-01 17:27:42] [WARNING] [MainThread] [keywords.py:101] Please enter the correct targeting elements!
[2019-08-01 17:27:42] [WARNING] [MainThread] [run.py:26] {'android.support.v4.view.ViewPager': "//*[@resource-id='com.Autoyol.auto:id/viewpager']"}
[2019-08-01 17:27:42] [WARNING] [MainThread] [run.py:27] Message: An unknown server-side error occurred while processing the command. Original error: org.json.JSONObject cannot be cast to java.lang.String

[2019-08-01 17:27:42] [INFO] [MainThread] [keywords.py:44] Recessive waiting 25 seconds, Spend 0.006982088088989258 seconds
[2019-08-01 17:27:44] [INFO] [MainThread] [keywords.py:464] The phone screen slides left 0 count, Spend 1.5727927684783936
[2019-08-01 17:27:44] [WARNING] [MainThread] [keywords.py:101] Please enter the correct targeting elements!
[2019-08-01 17:27:44] [WARNING] [MainThread] [run.py:26] {'android.support.v4.view.ViewPager': "//*[@resource-id='com.Autoyol.auto:id/viewpager']"}
[2019-08-01 17:27:44] [WARNING] [MainThread] [run.py:27] Message: An unknown server-side error occurred while processing the command. Original error: org.json.JSONObject cannot be cast to java.lang.String

[2019-08-01 17:27:44] [INFO] [MainThread] [keywords.py:44] Recessive waiting 25 seconds, Spend 0.007979631423950195 seconds
[2019-08-01 17:27:46] [INFO] [MainThread] [keywords.py:464] The phone screen slides left 0 count, Spend 1.5428862571716309
[2019-08-01 17:27:46] [WARNING] [MainThread] [keywords.py:101] Please enter the correct targeting elements!
[2019-08-01 17:27:46] [WARNING] [MainThread] [run.py:26] {'android.support.v4.view.ViewPager': "//*[@resource-id='com.Autoyol.auto:id/viewpager']"}
[2019-08-01 17:27:46] [WARNING] [MainThread] [run.py:27] Message: An unknown server-side error occurred while processing the command. Original error: org.json.JSONObject cannot be cast to java.lang.String

[2019-08-01 17:27:46] [INFO] [MainThread] [keywords.py:44] Recessive waiting 25 seconds, Spend 0.005985736846923828 seconds
[2019-08-01 17:27:47] [INFO] [MainThread] [keywords.py:464] The phone screen slides left 0 count, Spend 1.5578312873840332
[2019-08-01 17:27:47] [WARNING] [MainThread] [keywords.py:101] Please enter the correct targeting elements!
[2019-08-01 17:27:47] [WARNING] [MainThread] [run.py:26] {'android.support.v4.view.ViewPager': "//*[@resource-id='com.Autoyol.auto:id/viewpager']"}
[2019-08-01 17:27:47] [WARNING] [MainThread] [run.py:27] Message: An unknown server-side error occurred while processing the command. Original error: org.json.JSONObject cannot be cast to java.lang.String

[2019-08-01 17:27:47] [INFO] [MainThread] [keywords.py:44] Recessive waiting 25 seconds, Spend 0.005986928939819336 seconds
[2019-08-01 17:27:49] [INFO] [MainThread] [keywords.py:464] The phone screen slides left 0 count, Spend 1.5568652153015137
[2019-08-01 17:27:49] [WARNING] [MainThread] [keywords.py:101] Please enter the correct targeting elements!
[2019-08-01 17:27:49] [WARNING] [MainThread] [run.py:26] {'android.support.v4.view.ViewPager': "//*[@resource-id='com.Autoyol.auto:id/viewpager']"}
[2019-08-01 17:27:49] [WARNING] [MainThread] [run.py:27] Message: An unknown server-side error occurred while processing the command. Original error: org.json.JSONObject cannot be cast to java.lang.String

[2019-08-01 17:27:49] [INFO] [MainThread] [keywords.py:44] Recessive waiting 25 seconds, Spend 0.00698399543762207 seconds
[2019-08-01 17:27:51] [INFO] [MainThread] [keywords.py:464] The phone screen slides left 0 count, Spend 1.5259215831756592
[2019-08-01 17:27:51] [WARNING] [MainThread] [keywords.py:101] Please enter the correct targeting elements!
[2019-08-01 17:27:51] [WARNING] [MainThread] [run.py:26] {'android.support.v4.view.ViewPager': "//*[@resource-id='com.Autoyol.auto:id/viewpager']"}
[2019-08-01 17:27:51] [WARNING] [MainThread] [run.py:27] Message: An unknown server-side error occurred while processing the command. Original error: org.json.JSONObject cannot be cast to java.lang.String

[2019-08-01 17:27:51] [INFO] [MainThread] [keywords.py:44] Recessive waiting 25 seconds, Spend 0.005985736846923828 seconds
[2019-08-01 17:27:52] [INFO] [MainThread] [keywords.py:464] The phone screen slides left 0 count, Spend 1.5368881225585938
[2019-08-01 17:27:52] [WARNING] [MainThread] [keywords.py:101] Please enter the correct targeting elements!
[2019-08-01 17:27:52] [WARNING] [MainThread] [run.py:26] {'android.support.v4.view.ViewPager': "//*[@resource-id='com.Autoyol.auto:id/viewpager']"}
[2019-08-01 17:27:52] [WARNING] [MainThread] [run.py:27] Message: An unknown server-side error occurred while processing the command. Original error: org.json.JSONObject cannot be cast to java.lang.String

[2019-08-01 17:27:52] [INFO] [MainThread] [keywords.py:44] Recessive waiting 25 seconds, Spend 0.004984617233276367 seconds
[2019-08-01 17:27:54] [INFO] [MainThread] [keywords.py:464] The phone screen slides left 0 count, Spend 1.5398814678192139
[2019-08-01 17:27:54] [WARNING] [MainThread] [keywords.py:101] Please enter the correct targeting elements!
[2019-08-01 17:27:54] [WARNING] [MainThread] [run.py:26] {'android.support.v4.view.ViewPager': "//*[@resource-id='com.Autoyol.auto:id/viewpager']"}
[2019-08-01 17:27:54] [WARNING] [MainThread] [run.py:27] Message: An unknown server-side error occurred while processing the command. Original error: org.json.JSONObject cannot be cast to java.lang.String

[2019-08-01 17:27:54] [INFO] [MainThread] [keywords.py:44] Recessive waiting 25 seconds, Spend 0.0079803466796875 seconds
[2019-08-01 17:27:55] [INFO] [MainThread] [keywords.py:464] The phone screen slides left 0 count, Spend 1.540879487991333
[2019-08-01 17:27:55] [WARNING] [MainThread] [keywords.py:101] Please enter the correct targeting elements!
[2019-08-01 17:27:55] [WARNING] [MainThread] [run.py:26] {'android.support.v4.view.ViewPager': "//*[@resource-id='com.Autoyol.auto:id/viewpager']"}
[2019-08-01 17:27:55] [WARNING] [MainThread] [run.py:27] Message: An unknown server-side error occurred while processing the command. Original error: org.json.JSONObject cannot be cast to java.lang.String

[2019-08-01 17:27:56] [WARNING] [MainThread] [parser.py:55] File uidump.xml not found, please check the corresponding path
